[debug] [2024-08-08T12:43:43.345Z] ----------------------------------------------------------------------
[debug] [2024-08-08T12:43:43.351Z] Command:       C:\Program Files\nodejs\node.exe C:\Program Files\nodejs\node_modules\firebase-tools\lib\bin\firebase.js init
[debug] [2024-08-08T12:43:43.353Z] CLI Version:   13.15.0
[debug] [2024-08-08T12:43:43.354Z] Platform:      win32
[debug] [2024-08-08T12:43:43.354Z] Node Version:  v21.6.1
[debug] [2024-08-08T12:43:43.355Z] Time:          Thu Aug 08 2024 18:13:43 GMT+0530 (India Standard Time)
[debug] [2024-08-08T12:43:43.355Z] ----------------------------------------------------------------------
[debug] 
[debug] [2024-08-08T12:43:43.542Z] > command requires scopes: ["email","openid","https://www.googleapis.com/auth/cloudplatformprojects.readonly","https://www.googleapis.com/auth/firebase","https://www.googleapis.com/auth/cloud-platform"]
[debug] [2024-08-08T12:43:43.545Z] > authorizing via signed-in user (rajj95842434@gmail.com)
[info] 
     ######## #### ########  ######## ########     ###     ######  ########
     ##        ##  ##     ## ##       ##     ##  ##   ##  ##       ##
     ######    ##  ########  ######   ########  #########  ######  ######
     ##        ##  ##    ##  ##       ##     ## ##     ##       ## ##
     ##       #### ##     ## ######## ########  ##     ##  ######  ########

You're about to initialize a Firebase project in this directory:

  C:\Users\raj\Pictures\comicfun-main

Before we get started, keep in mind:

  * You are initializing within an existing Firebase project directory

[info] 
=== Project Setup
[info] 
[info] First, let's associate this project directory with a Firebase project.
[info] You can create multiple project aliases by running firebase use --add, 
[info] but for now we'll just set up a default project.
[info] 
[debug] [2024-08-08T12:43:50.503Z] Using project from CLI flag: camtoon-e43f8
[debug] [2024-08-08T12:43:50.506Z] > refreshing access token with scopes: []
[debug] [2024-08-08T12:43:50.510Z] >>> [apiv2][query] POST https://www.googleapis.com/oauth2/v3/token [none]
[debug] [2024-08-08T12:43:50.511Z] >>> [apiv2][body] POST https://www.googleapis.com/oauth2/v3/token [omitted]
[debug] [2024-08-08T12:43:51.161Z] <<< [apiv2][status] POST https://www.googleapis.com/oauth2/v3/token 200
[debug] [2024-08-08T12:43:51.161Z] <<< [apiv2][body] POST https://www.googleapis.com/oauth2/v3/token [omitted]
[debug] [2024-08-08T12:43:51.199Z] >>> [apiv2][query] GET https://firebase.googleapis.com/v1beta1/projects/camtoon-e43f8 [none]
[debug] [2024-08-08T12:43:52.071Z] <<< [apiv2][status] GET https://firebase.googleapis.com/v1beta1/projects/camtoon-e43f8 200
[debug] [2024-08-08T12:43:52.072Z] <<< [apiv2][body] GET https://firebase.googleapis.com/v1beta1/projects/camtoon-e43f8 {"projectId":"camtoon-e43f8","projectNumber":"882215262045","displayName":"Camtoon","name":"projects/camtoon-e43f8","resources":{"hostingSite":"camtoon-e43f8"},"state":"ACTIVE","etag":"1_bd2a7d11-07e7-4762-b262-efb7b69de530"}
[info] i  Using project camtoon-e43f8 (Camtoon) 
[info] 
=== Hosting Setup
[debug] [2024-08-08T12:43:52.088Z] >>> [apiv2][query] GET https://firebase.googleapis.com/v1beta1/projects/camtoon-e43f8 [none]
[debug] [2024-08-08T12:43:52.888Z] <<< [apiv2][status] GET https://firebase.googleapis.com/v1beta1/projects/camtoon-e43f8 200
[debug] [2024-08-08T12:43:52.888Z] <<< [apiv2][body] GET https://firebase.googleapis.com/v1beta1/projects/camtoon-e43f8 {"projectId":"camtoon-e43f8","projectNumber":"882215262045","displayName":"Camtoon","name":"projects/camtoon-e43f8","resources":{"hostingSite":"camtoon-e43f8"},"state":"ACTIVE","etag":"1_bd2a7d11-07e7-4762-b262-efb7b69de530"}
[info] 
[info] i  Didn't detect a .git folder. Assuming C:\Users\raj\Pictures\comicfun-main is the project root. 
[info] i  Authorizing with GitHub to upload your service account to a GitHub repository's secrets store. 
[info] 
[info] Visit this URL on this device to log in:
[info] https://github.com/login/oauth/authorize?client_id=89cf50f02ac6aaed3484&state=23536540&redirect_uri=http%3A%2F%2Flocalhost%3A9005&scope=read%3Auser%20repo%20public_repo
[info] 
[info] Waiting for authentication...
[debug] [2024-08-08T12:45:44.019Z] >>> [apiv2][query] POST https://github.com/login/oauth/access_token [none]
[debug] [2024-08-08T12:45:44.020Z] >>> [apiv2][body] POST https://github.com/login/oauth/access_token [stream]
[debug] [2024-08-08T12:45:44.580Z] <<< [apiv2][status] POST https://github.com/login/oauth/access_token 200
[debug] [2024-08-08T12:45:44.580Z] <<< [apiv2][body] POST https://github.com/login/oauth/access_token {"access_token":"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","token_type":"bearer","scope":"read:user,repo"}
[debug] [2024-08-08T12:45:44.597Z] >>> [apiv2][query] GET https://api.github.com/user [none]
[debug] [2024-08-08T12:45:45.466Z] <<< [apiv2][status] GET https://api.github.com/user 200
[debug] [2024-08-08T12:45:45.467Z] <<< [apiv2][body] GET https://api.github.com/user {"login":"1813amit","id":100224474,"node_id":"U_kgDOBflN2g","avatar_url":"https://avatars.githubusercontent.com/u/100224474?v=4","gravatar_id":"","url":"https://api.github.com/users/1813amit","html_url":"https://github.com/1813amit","followers_url":"https://api.github.com/users/1813amit/followers","following_url":"https://api.github.com/users/1813amit/following{/other_user}","gists_url":"https://api.github.com/users/1813amit/gists{/gist_id}","starred_url":"https://api.github.com/users/1813amit/starred{/owner}{/repo}","subscriptions_url":"https://api.github.com/users/1813amit/subscriptions","organizations_url":"https://api.github.com/users/1813amit/orgs","repos_url":"https://api.github.com/users/1813amit/repos","events_url":"https://api.github.com/users/1813amit/events{/privacy}","received_events_url":"https://api.github.com/users/1813amit/received_events","type":"User","site_admin":false,"name":"Amit Jain","company":null,"blog":"","location":"Tikamgarh (MP)","email":null,"hireable":null,"bio":"Html |Css | Js |React.js | React-Native | Redux | Node.js | Express Js| Mongodb | Postman | Socket.io | Material UI | Bootstrap | Tailwin Css ","twitter_username":null,"notification_email":null,"public_repos":30,"public_gists":0,"followers":1,"following":5,"created_at":"2022-02-22T16:36:42Z","updated_at":"2024-08-08T12:45:32Z","private_gists":0,"total_private_repos":0,"owned_private_repos":0,"disk_usage":26828,"collaborators":0,"two_factor_authentication":false,"plan":{"name":"free","space":976562499,"collaborators":0,"private_repos":10000}}
[info] 
[info] +  Success! Logged into GitHub as 1813amit 
[info] 
